╭─excile at ExcilePC in /mnt/c using                                                                                                                                                                                                         
╰─○ pip3 install uwsgi                                                                                                                                                                                                                       
Collecting uwsgi                                                                                                                                                                                                                             
  Downloading https://files.pythonhosted.org/packages/c7/75/45234f7b441c59b1eefd31ba3d1041a7e3c89602af24488e2a22e11e7259/uWSGI-2.0.19.1.tar.gz (803kB)                                                                                       
    100% |████████████████████████████████| 808kB 4.5MB/s                                                                                                                                                                                    
Building wheels for collected packages: uwsgi                                                                                                                                                                                                
  Building wheel for uwsgi (setup.py) ... done                                                                                                                                                                                               
  Stored in directory: /home/excile/.cache/pip/wheels/62/71/3d/24020be7a7ea936a375cf6144285eb3b5a5ed79cc694f247c0                                                                                                                            
Successfully built uwsgi                                                                                                                                                                                                                     
Installing collected packages: uwsgi                                                                                                                                                                                                         
Could not install packages due to an EnvironmentError: [Errno 13] Permission denied: '/usr/local/lib/python3.5/dist-packages/uWSGI-2.0.19.1.dist-info'                                                                                       
Consider using the `--user` option or check the permissions.                                                                                                                                                                                 
                                                                                                                                                                                                                                             
You are using pip version 19.0.2, however version 20.3.4 is available.                                                                                                                                                                       
You should consider upgrading via the 'pip install --upgrade pip' command.                                                                                                                                                                   
╭─excile at ExcilePC in /mnt/c using                                                                                                                                                                                                         
╰─○ sudo pip3 install uwsgi                                                                                                                                                                                                                  
[sudo] password for excile:                                                                                                                                                                                                                  
The directory '/home/excile/.cache/pip/http' or its parent directory is not owned by the current user and the cache has been disabled. Please check the permissions and owner of that directory. If executing pip with sudo, you may want sud
o's -H flag.                                                                                                                                                                                                                                 
The directory '/home/excile/.cache/pip' or its parent directory is not owned by the current user and caching wheels has been disabled. check the permissions and owner of that directory. If executing pip with sudo, you may want sudo's -H 
flag.                                                                                                                                                                                                                                        
Collecting uwsgi                                                                                                                                                                                                                             
Installing collected packages: uwsgi                                                                                                                                                                                                         
Successfully installed uwsgi-2.0.19.1                                                                                                                                                                                                        
You are using pip version 19.0.2, however version 20.3.4 is available.                                                                                                                                                                       
You should consider upgrading via the 'pip install --upgrade pip' command.                                                                                                                                                                   
╭─excile at ExcilePC in /mnt/c using                                                                                                                                                                                                         
╰─○ sudo apt-get install uwsgi                                                                                                                                                                                                               
Reading package lists... Done                                                                                                                                                                                                                
Building dependency tree                                                                                                                                                                                                                     
Reading state information... Done                                                                                                                                                                                                            
The following package was automatically installed and is no longer required:                                                                                                                                                                 
  libfreetype6                                                                                                                                                                                                                               
Use 'sudo apt autoremove' to remove it.                                                                                                                                                                                                      
The following additional packages will be installed:                                                                                                                                                                                         
  libjansson4 libmatheval1 libsodium18 libzmq5 uwsgi-core                                                                                                                                                                                    
Suggested packages:                                                                                                                                                                                                                          
  nginx-full | cherokee | libapache2-mod-proxy-uwsgi | libapache2-mod-uwsgi | libapache2-mod-ruwsgi uwsgi-plugins-all uwsgi-extra                                                                                                            
The following NEW packages will be installed:                                                                                                                                                                                                
  libjansson4 libmatheval1 libsodium18 libzmq5 uwsgi uwsgi-core                                                                                                                                                                              
0 upgraded, 6 newly installed, 0 to remove and 3 not upgraded.                                                                                                                                                                               
Need to get 868 kB of archives.                                                                                                                                                                                                              
After this operation, 3,137 kB of additional disk space will be used.                                                                                                                                                                        
Do you want to continue? [Y/n] y                                                                                                                                                                                                             
Get:1 http://archive.ubuntu.com/ubuntu xenial/universe amd64 libmatheval1 amd64 1.1.11+dfsg-2 [21.2 kB]                                                                                                                                      
Get:2 http://archive.ubuntu.com/ubuntu xenial-updates/main amd64 libjansson4 amd64 2.7-3ubuntu0.1 [27.1 kB]                                                                                                                                  
Get:3 http://archive.ubuntu.com/ubuntu xenial/universe amd64 libsodium18 amd64 1.0.8-5 [144 kB]                                                                                                                                              
Get:4 http://archive.ubuntu.com/ubuntu xenial/universe amd64 libzmq5 amd64 4.1.4-7 [149 kB]                                                                                                                                                  
Get:5 http://archive.ubuntu.com/ubuntu xenial-updates/universe amd64 uwsgi-core amd64 2.0.12-5ubuntu3.2 [511 kB]                                                                                                                             
Get:6 http://archive.ubuntu.com/ubuntu xenial-updates/universe amd64 uwsgi amd64 2.0.12-5ubuntu3.2 [14.9 kB]                                                                                                                                 
Fetched 868 kB in 1s (638 kB/s)                                                                                                                                                                                                              
Selecting previously unselected package libmatheval1:amd64.                                                                                                                                                                                  
(Reading database ... 34433 files and directories currently installed.)                                                                                                                                                                      
Preparing to unpack .../libmatheval1_1.1.11+dfsg-2_amd64.deb ...                                                                                                                                                                             
Unpacking libmatheval1:amd64 (1.1.11+dfsg-2) ...                                                                                                                                                                                             
Selecting previously unselected package libjansson4:amd64.                                                                                                                                                                                   
Preparing to unpack .../libjansson4_2.7-3ubuntu0.1_amd64.deb ...                                                                                                                                                                             
Unpacking libjansson4:amd64 (2.7-3ubuntu0.1) ...                                                                                                                                                                                             
Selecting previously unselected package libsodium18:amd64.                                                                                                                                                                                   
Preparing to unpack .../libsodium18_1.0.8-5_amd64.deb ...                                                                                                                                                                                    
Unpacking libsodium18:amd64 (1.0.8-5) ...                                                                                                                                                                                                    
Selecting previously unselected package libzmq5:amd64.                                                                                                                                                                                       
Preparing to unpack .../libzmq5_4.1.4-7_amd64.deb ...                                                                                                                                                                                        
Unpacking libzmq5:amd64 (4.1.4-7) ...                                                                                                                                                                                                        
Selecting previously unselected package uwsgi-core.                                                                                                                                                                                          
Preparing to unpack .../uwsgi-core_2.0.12-5ubuntu3.2_amd64.deb ...                                                                                                                                                                           
Unpacking uwsgi-core (2.0.12-5ubuntu3.2) ...                                                                                                                                                                                                 
Selecting previously unselected package uwsgi.                                                                                                                                                                                               
Preparing to unpack .../uwsgi_2.0.12-5ubuntu3.2_amd64.deb ...                                                                                                                                                                                
Unpacking uwsgi (2.0.12-5ubuntu3.2) ...                                                                                                                                                                                                      
Processing triggers for libc-bin (2.23-0ubuntu10) ...                                                                                                                                                                                        
Processing triggers for man-db (2.7.5-1) ...                                                                                                                                                                                                 
Processing triggers for systemd (229-4ubuntu21.15) ...                                                                                                                                                                                       
Processing triggers for ureadahead (0.100.0-19) ...                                                                                                                                                                                          
Setting up libmatheval1:amd64 (1.1.11+dfsg-2) ...                                                                                                                                                                                            
Setting up libjansson4:amd64 (2.7-3ubuntu0.1) ...                                                                                                                                                                                            
Setting up libsodium18:amd64 (1.0.8-5) ...                                                                                                                                                                                                   
Setting up libzmq5:amd64 (4.1.4-7) ...                                                                                                                                                                                                       
Setting up uwsgi-core (2.0.12-5ubuntu3.2) ...                                                                                                                                                                                                
Setting up uwsgi (2.0.12-5ubuntu3.2) ...                                                                                                                                                                                                     
invoke-rc.d: could not determine current runlevel                                                                                                                                                                                            
Processing triggers for libc-bin (2.23-0ubuntu10) ...                                                                                                                                                                                        
Processing triggers for systemd (229-4ubuntu21.15) ...                                                                                                                                                                                       
Processing triggers for ureadahead (0.100.0-19) ...                                                                                                                                                                                          
╭─excile at ExcilePC in /mnt/c using                                                                                                                                                                                                         
╰─○ sudo uwsgi --http                                                                                                                                                                                                                        
uwsgi: option '--http' requires an argument                                                                                                                                                                                                  
getopt_long() error                                                                                                                                                                                                                          
╭─excile at ExcilePC in /mnt/c using                                                                                                                                                                                                         
╰─○ sudo uwsgi --http :8000 --wsgi-file fwsgi.py                                                                                                                                                                                             
*** Starting uWSGI 2.0.19.1 (64bit) on [Fri May 21 19:55:28 2021] ***                                                                                                                                                                        
compiled with version: 5.4.0 20160609 on 21 May 2021 16:53:23                                                                                                                                                                                
os: Linux-4.4.0-18362-Microsoft #1049-Microsoft Thu Aug 14 12:01:00 PST 2020                                                                                                                                                                 
nodename: ExcilePC                                                                                                                                                                                                                           
machine: x86_64                                                                                                                                                                                                                              
clock source: unix                                                                                                                                                                                                                           
detected number of CPU cores: 6                                                                                                                                                                                                              
current working directory: /mnt/c                                                                                                                                                                                                            
detected binary path: /usr/local/bin/uwsgi                                                                                                                                                                                                   
!!! no internal routing support, rebuild with pcre support !!!                                                                                                                                                                               
uWSGI running as root, you can use --uid/--gid/--chroot options                                                                                                                                                                              
*** WARNING: you are running uWSGI as root !!! (use the --uid flag) ***                                                                                                                                                                      
*** WARNING: you are running uWSGI without its master process manager ***                                                                                                                                                                    
your processes number limit is 7823                                                                                                                                                                                                          
your memory page size is 4096 bytes                                                                                                                                                                                                          
detected max file descriptor number: 1024                                                                                                                                                                                                    
lock engine: pthread robust mutexes                                                                                                                                                                                                          
thunder lock: disabled (you can enable it with --thunder-lock)                                                                                                                                                                               
TCP_DEFER_ACCEPT setsockopt(): Protocol not available [core/socket.c line 744]                                                                                                                                                               
TCP_DEFER_ACCEPT setsockopt(): Protocol not available [core/socket.c line 744]                                                                                                                                                               
uWSGI http bound on :8000 fd 4                                                                                                                                                                                                               
spawned uWSGI http 1 (pid: 1039)                                                                                                                                                                                                             
uwsgi socket 0 bound to TCP address 127.0.0.1:52535 (port auto-assigned) fd 3                                                                                                                                                                
uWSGI running as root, you can use --uid/--gid/--chroot options                                                                                                                                                                              
*** WARNING: you are running uWSGI as root !!! (use the --uid flag) ***                                                                                                                                                                      
Python version: 3.5.2 (default, Nov 12 2018, 13:43:14)  [GCC 5.4.0 20160609]                                                                                                                                                                 
*** Python threads support is disabled. You can enable it with --enable-threads ***                                                                                                                                                          
Python main interpreter initialized at 0xfe10e0                                                                                                                                                                                              
uWSGI running as root, you can use --uid/--gid/--chroot options                                                                                                                                                                              
*** WARNING: you are running uWSGI as root !!! (use the --uid flag) ***                                                                                                                                                                      
your server socket listen backlog is limited to 100 connections                                                                                                                                                                              
your mercy for graceful operations on workers is 60 seconds                                                                                                                                                                                  
mapped 72904 bytes (71 KB) for 1 cores                                                                                                                                                                                                       
*** Operational MODE: single process ***                                                                                                                                                                                                     
failed to open python file fwsgi.py                                                                                                                                                                                                          
unable to load app 0 (mountpoint='') (callable not found or import error)                                                                                                                                                                    
*** no app loaded. going in full dynamic mode ***                                                                                                                                                                                            
uWSGI running as root, you can use --uid/--gid/--chroot options                                                                                                                                                                              
*** WARNING: you are running uWSGI as root !!! (use the --uid flag) ***                                                                                                                                                                      
*** uWSGI is running in multiple interpreter mode ***                                                                                                                                                                                        
spawned uWSGI worker 1 (and the only) (pid: 1038, cores: 1)                                                                                                                                                                                  
                                                                                                                                                                                                                                             
^[OA^[OA^[OA^[OB^C%                                                                                                                                                                                                                          
╭─excile at ExcilePC in /mnt/c using                                                                                                                                                                                                         
╰─○                                                                                                                                                                                                                                          
╭─excile at ExcilePC in /mnt/c using                                                                                                                                                                                                         
╰─○                                                                                                                                                                                                                                          
╭─excile at ExcilePC in /mnt/d using                                                                                                                                                                                                         
╰─○ sudo uwsgi --http :8000 --wsgi-file fwsgi.py                                                                                                                                                                                             
[sudo] password for excile:                                                                                                                                                                                                                  
*** Starting uWSGI 2.0.19.1 (64bit) on [Fri May 21 21:40:16 2021] ***                                                                                                                                                                        
compiled with version: 5.4.0 20160609 on 21 May 2021 16:53:23                                                                                                                                                                                
os: Linux-4.4.0-18362-Microsoft #1049-Microsoft Thu Aug 14 12:01:00 PST 2020                                                                                                                                                                 
nodename: ExcilePC                                                                                                                                                                                                                           
machine: x86_64                                                                                                                                                                                                                              
clock source: unix                                                                                                                                                                                                                           
detected number of CPU cores: 6                                                                                                                                                                                                              
current working directory: /mnt/d                                                                                                                                                                                                            
detected binary path: /usr/local/bin/uwsgi                                                                                                                                                                                                   
!!! no internal routing support, rebuild with pcre support !!!                                                                                                                                                                               
uWSGI running as root, you can use --uid/--gid/--chroot options                                                                                                                                                                              
*** WARNING: you are running uWSGI as root !!! (use the --uid flag) ***                                                                                                                                                                      
*** WARNING: you are running uWSGI without its master process manager ***                                                                                                                                                                    
your processes number limit is 7823                                                                                                                                                                                                          
your memory page size is 4096 bytes                                                                                                                                                                                                          
detected max file descriptor number: 1024                                                                                                                                                                                                    
lock engine: pthread robust mutexes                                                                                                                                                                                                          
thunder lock: disabled (you can enable it with --thunder-lock)                                                                                                                                                                               
TCP_DEFER_ACCEPT setsockopt(): Protocol not available [core/socket.c line 744]                                                                                                                                                               
TCP_DEFER_ACCEPT setsockopt(): Protocol not available [core/socket.c line 744]                                                                                                                                                               
uWSGI http bound on :8000 fd 4                                                                                                                                                                                                               
spawned uWSGI http 1 (pid: 1086)                                                                                                                                                                                                             
uwsgi socket 0 bound to TCP address 127.0.0.1:61292 (port auto-assigned) fd 3                                                                                                                                                                
uWSGI running as root, you can use --uid/--gid/--chroot options                                                                                                                                                                              
*** WARNING: you are running uWSGI as root !!! (use the --uid flag) ***                                                                                                                                                                      
Python version: 3.5.2 (default, Nov 12 2018, 13:43:14)  [GCC 5.4.0 20160609]                                                                                                                                                                 
*** Python threads support is disabled. You can enable it with --enable-threads ***                                                                                                                                                          
Python main interpreter initialized at 0x15e10e0                                                                                                                                                                                             
uWSGI running as root, you can use --uid/--gid/--chroot options                                                                                                                                                                              
*** WARNING: you are running uWSGI as root !!! (use the --uid flag) ***                                                                                                                                                                      
your server socket listen backlog is limited to 100 connections                                                                                                                                                                              
your mercy for graceful operations on workers is 60 seconds                                                                                                                                                                                  
mapped 72904 bytes (71 KB) for 1 cores                                                                                                                                                                                                       
*** Operational MODE: single process ***                                                                                                                                                                                                     
WSGI app 0 (mountpoint='') ready in 0 seconds on interpreter 0x15e10e0 pid: 1085 (default app)                                                                                                                                               
uWSGI running as root, you can use --uid/--gid/--chroot options                                                                                                                                                                              
*** WARNING: you are running uWSGI as root !!! (use the --uid flag) ***                                                                                                                                                                      
*** uWSGI is running in multiple interpreter mode ***                                                                                                                                                                                        
spawned uWSGI worker 1 (and the only) (pid: 1085, cores: 1)                                                                                                                                                                                  
[pid: 1085|app: 0|req: 1/1] 127.0.0.1 () {44 vars in 799 bytes} [Fri May 21 21:40:32 2021] GET / => generated 43 bytes in 0 msecs (HTTP/1.1 200) 1 headers in 44 bytes (1 switches on core 0)                                                
[pid: 1085|app: 0|req: 2/2] 127.0.0.1 () {42 vars in 717 bytes} [Fri May 21 21:40:33 2021] GET /favicon.ico => generated 43 bytes in 0 msecs (HTTP/1.1 200) 1 headers in 44 bytes (1 switches on core 0)                                     
                                                                                                             